TN:
SF:lib/counter/presentation/bloc/counter_bloc.dart
FNF:0
FNH:0
DA:10,3
DA:11,2
DA:12,5
DA:14,2
DA:15,5
LF:5
LH:5
end_of_record
TN:
SF:lib/counter/presentation/bloc/counter_state.dart
FNF:0
FNH:0
DA:5,2
LF:1
LH:1
end_of_record
TN:
SF:lib/counter/presentation/view/counter_page.dart
FNF:0
FNH:0
DA:12,0
DA:14,0
DA:16,0
DA:17,0
LF:4
LH:0
end_of_record
TN:
SF:lib/counter/presentation/view/counter_view.dart
FNF:0
FNH:0
DA:12,3
DA:14,0
DA:16,0
DA:17,0
DA:18,0
DA:19,0
DA:20,0
DA:21,0
DA:22,0
DA:23,0
DA:24,0
DA:29,0
DA:32,0
DA:33,0
DA:36,0
DA:41,0
DA:44,0
LF:17
LH:1
end_of_record
